kotlin version: 2.0.21
error message: org.jetbrains.kotlin.backend.common.BackendException: Backend Internal error: Exception during IR lowering
File being compiled: /Users/nicholaspark/AndroidStudioProjects/ServerSideRenderer/ssr-library/src/main/java/com/cincinnatiai/ssr_library/ServerSideRenderer.kt
The root cause java.lang.RuntimeException was thrown at: org.jetbrains.kotlin.backend.jvm.codegen.FunctionCodegen.generate(FunctionCodegen.kt:47)
	at org.jetbrains.kotlin.backend.common.CodegenUtil.reportBackendException(CodegenUtil.kt:253)
	at org.jetbrains.kotlin.backend.common.CodegenUtil.reportBackendException$default(CodegenUtil.kt:236)
	at org.jetbrains.kotlin.backend.common.phaser.PerformByIrFilePhase.invokeSequential(performByIrFile.kt:65)
	at org.jetbrains.kotlin.backend.common.phaser.PerformByIrFilePhase.invoke(performByIrFile.kt:52)
	at org.jetbrains.kotlin.backend.common.phaser.PerformByIrFilePhase.invoke(performByIrFile.kt:38)
	at org.jetbrains.kotlin.backend.common.phaser.NamedCompilerPhase.phaseBody(CompilerPhase.kt:166)
	at org.jetbrains.kotlin.backend.common.phaser.AbstractNamedCompilerPhase.invoke(CompilerPhase.kt:113)
	at org.jetbrains.kotlin.backend.common.phaser.CompositePhase.invoke(PhaseBuilders.kt:27)
	at org.jetbrains.kotlin.backend.common.phaser.CompositePhase.invoke(PhaseBuilders.kt:14)
	at org.jetbrains.kotlin.backend.common.phaser.NamedCompilerPhase.phaseBody(CompilerPhase.kt:166)
	at org.jetbrains.kotlin.backend.common.phaser.AbstractNamedCompilerPhase.invoke(CompilerPhase.kt:113)
	at org.jetbrains.kotlin.backend.common.phaser.CompilerPhaseKt.invokeToplevel(CompilerPhase.kt:62)
	at org.jetbrains.kotlin.backend.jvm.JvmIrCodegenFactory.invokeCodegen(JvmIrCodegenFactory.kt:371)
	at org.jetbrains.kotlin.codegen.CodegenFactory.generateModule(CodegenFactory.kt:47)
	at org.jetbrains.kotlin.backend.jvm.JvmIrCodegenFactory.generateModuleInFrontendIRMode(JvmIrCodegenFactory.kt:433)
	at org.jetbrains.kotlin.cli.jvm.compiler.pipeline.JvmCompilerPipelineKt.generateCodeFromIr(jvmCompilerPipeline.kt:246)
	at org.jetbrains.kotlin.cli.jvm.compiler.pipeline.JvmCompilerPipelineKt.compileModulesUsingFrontendIrAndLightTree(jvmCompilerPipeline.kt:142)
	at org.jetbrains.kotlin.cli.jvm.K2JVMCompiler.doExecute(K2JVMCompiler.kt:148)
	at org.jetbrains.kotlin.cli.jvm.K2JVMCompiler.doExecute(K2JVMCompiler.kt:43)
	at org.jetbrains.kotlin.cli.common.CLICompiler.execImpl(CLICompiler.kt:103)
	at org.jetbrains.kotlin.cli.common.CLICompiler.execImpl(CLICompiler.kt:49)
	at org.jetbrains.kotlin.cli.common.CLITool.exec(CLITool.kt:101)
	at org.jetbrains.kotlin.incremental.IncrementalJvmCompilerRunner.runCompiler(IncrementalJvmCompilerRunner.kt:464)
	at org.jetbrains.kotlin.incremental.IncrementalJvmCompilerRunner.runCompiler(IncrementalJvmCompilerRunner.kt:73)
	at org.jetbrains.kotlin.incremental.IncrementalCompilerRunner.doCompile(IncrementalCompilerRunner.kt:506)
	at org.jetbrains.kotlin.incremental.IncrementalCompilerRunner.compileImpl(IncrementalCompilerRunner.kt:423)
	at org.jetbrains.kotlin.incremental.IncrementalCompilerRunner.compileNonIncrementally(IncrementalCompilerRunner.kt:301)
	at org.jetbrains.kotlin.incremental.IncrementalCompilerRunner.compile(IncrementalCompilerRunner.kt:129)
	at org.jetbrains.kotlin.daemon.CompileServiceImplBase.execIncrementalCompiler(CompileServiceImpl.kt:675)
	at org.jetbrains.kotlin.daemon.CompileServiceImplBase.access$execIncrementalCompiler(CompileServiceImpl.kt:92)
	at org.jetbrains.kotlin.daemon.CompileServiceImpl.compile(CompileServiceImpl.kt:1660)
	at java.base/jdk.internal.reflect.DirectMethodHandleAccessor.invoke(Unknown Source)
	at java.base/java.lang.reflect.Method.invoke(Unknown Source)
	at java.rmi/sun.rmi.server.UnicastServerRef.dispatch(Unknown Source)
	at java.rmi/sun.rmi.transport.Transport$1.run(Unknown Source)
	at java.rmi/sun.rmi.transport.Transport$1.run(Unknown Source)
	at java.base/java.security.AccessController.doPrivileged(Unknown Source)
	at java.rmi/sun.rmi.transport.Transport.serviceCall(Unknown Source)
	at java.rmi/sun.rmi.transport.tcp.TCPTransport.handleMessages(Unknown Source)
	at java.rmi/sun.rmi.transport.tcp.TCPTransport$ConnectionHandler.run0(Unknown Source)
	at java.rmi/sun.rmi.transport.tcp.TCPTransport$ConnectionHandler.lambda$run$0(Unknown Source)
	at java.base/java.security.AccessController.doPrivileged(Unknown Source)
	at java.rmi/sun.rmi.transport.tcp.TCPTransport$ConnectionHandler.run(Unknown Source)
	at java.base/java.util.concurrent.ThreadPoolExecutor.runWorker(Unknown Source)
	at java.base/java.util.concurrent.ThreadPoolExecutor$Worker.run(Unknown Source)
	at java.base/java.lang.Thread.run(Unknown Source)
Caused by: java.lang.RuntimeException: Exception while generating code for:
FUN name:RenderScreen visibility:public modality:OPEN <> ($this:com.cincinnatiai.ssr_library.ServerSideRendererImpl, json:kotlin.String, loadingContent:@[Composable] kotlin.Function0<kotlin.Unit>, errorContent:@[Composable] kotlin.Function2<kotlin.String, kotlin.Function0<kotlin.Unit>, kotlin.Unit>) returnType:kotlin.Unit
  annotations:
    Composable
  overridden:
    public abstract fun RenderScreen (json: kotlin.String, loadingContent: @[Composable] kotlin.Function0<kotlin.Unit>, errorContent: @[Composable] kotlin.Function2<kotlin.String, kotlin.Function0<kotlin.Unit>, kotlin.Unit>): kotlin.Unit declared in com.cincinnatiai.ssr_library.ServerSideRenderer
  $this: VALUE_PARAMETER name:<this> type:com.cincinnatiai.ssr_library.ServerSideRendererImpl
  VALUE_PARAMETER name:json index:0 type:kotlin.String
  VALUE_PARAMETER name:loadingContent index:1 type:@[Composable] kotlin.Function0<kotlin.Unit>
  VALUE_PARAMETER name:errorContent index:2 type:@[Composable] kotlin.Function2<kotlin.String, kotlin.Function0<kotlin.Unit>, kotlin.Unit>
  BLOCK_BODY
    VAR PROPERTY_DELEGATE name:renderState$delegate type:androidx.compose.runtime.MutableState<com.cincinnatiai.ssr_library.model.ComponentRenderState> [val]
      CALL 'public final fun remember <T> (calculation: @[DisallowComposableCalls] kotlin.Function0<T of androidx.compose.runtime.ComposablesKt.remember>): T of androidx.compose.runtime.ComposablesKt.remember [inline] declared in androidx.compose.runtime.ComposablesKt' type=androidx.compose.runtime.MutableState<com.cincinnatiai.ssr_library.model.ComponentRenderState> origin=null
        <T>: androidx.compose.runtime.MutableState<com.cincinnatiai.ssr_library.model.ComponentRenderState>
        calculation: BLOCK type=kotlin.Function0<androidx.compose.runtime.MutableState<com.cincinnatiai.ssr_library.model.ComponentRenderState>> origin=LAMBDA
          COMPOSITE type=kotlin.Unit origin=null
          FUNCTION_REFERENCE 'private final fun RenderScreen$lambda$0 (): androidx.compose.runtime.MutableState<com.cincinnatiai.ssr_library.model.ComponentRenderState> declared in com.cincinnatiai.ssr_library.ServerSideRendererImpl' type=kotlin.Function0<androidx.compose.runtime.MutableState<com.cincinnatiai.ssr_library.model.ComponentRenderState>> origin=INLINE_LAMBDA reflectionTarget=null
    VAR name:cacheKey type:kotlin.String [val]
      CALL 'public final fun remember <T> (key1: kotlin.Any?, calculation: @[DisallowComposableCalls] kotlin.Function0<T of androidx.compose.runtime.ComposablesKt.remember>): T of androidx.compose.runtime.ComposablesKt.remember [inline] declared in androidx.compose.runtime.ComposablesKt' type=kotlin.String origin=null
        <T>: kotlin.String
        key1: GET_VAR 'json: kotlin.String declared in com.cincinnatiai.ssr_library.ServerSideRendererImpl.RenderScreen' type=kotlin.String origin=null
        calculation: BLOCK type=kotlin.Function0<kotlin.String> origin=LAMBDA
          COMPOSITE type=kotlin.Unit origin=null
          FUNCTION_REFERENCE 'private final fun RenderScreen$lambda$3 ($json: kotlin.String): kotlin.String declared in com.cincinnatiai.ssr_library.ServerSideRendererImpl' type=kotlin.Function0<kotlin.String> origin=INLINE_LAMBDA reflectionTarget=null
            $json: GET_VAR 'json: kotlin.String declared in com.cincinnatiai.ssr_library.ServerSideRendererImpl.RenderScreen' type=kotlin.String origin=null
    CALL 'public final fun LaunchedEffect (key1: kotlin.Any?, block: @[ExtensionFunctionType] kotlin.coroutines.SuspendFunction1<kotlinx.coroutines.CoroutineScope, kotlin.Unit>): kotlin.Unit declared in androidx.compose.runtime.EffectsKt' type=kotlin.Unit origin=null
      key1: GET_VAR 'json: kotlin.String declared in com.cincinnatiai.ssr_library.ServerSideRendererImpl.RenderScreen' type=kotlin.String origin=null
      block: BLOCK type=com.cincinnatiai.ssr_library.ServerSideRendererImpl.RenderScreen.<no name provided> origin=null
        CLASS SUSPEND_LAMBDA CLASS name:<no name provided> modality:FINAL visibility:public/*package*/ superTypes:[kotlin.coroutines.jvm.internal.SuspendLambda; kotlin.jvm.functions.Function2<kotlinx.coroutines.CoroutineScope, kotlin.coroutines.Continuation<kotlin.Unit>?, kotlin.Any?>]
          $this: VALUE_PARAMETER INSTANCE_RECEIVER name:<this> type:com.cincinnatiai.ssr_library.ServerSideRendererImpl.RenderScreen.<no name provided>
          FIELD name:label type:kotlin.Int visibility:public/*package*/
          CONSTRUCTOR SUSPEND_LAMBDA visibility:public/*package*/ <> (this$0:com.cincinnatiai.ssr_library.ServerSideRendererImpl, $cacheKey:kotlin.String, $renderState$delegate:androidx.compose.runtime.MutableState<com.cincinnatiai.ssr_library.model.ComponentRenderState>, $json:kotlin.String, $completion:kotlin.coroutines.Continuation<com.cincinnatiai.ssr_library.ServerSideRendererImpl.RenderScreen.<no name provided>>?) returnType:com.cincinnatiai.ssr_library.ServerSideRendererImpl.RenderScreen.<no name provided> [primary]
            VALUE_PARAMETER BOUND_RECEIVER_PARAMETER name:this$0 index:0 type:com.cincinnatiai.ssr_library.ServerSideRendererImpl
            VALUE_PARAMETER BOUND_VALUE_PARAMETER name:$cacheKey index:1 type:kotlin.String
            VALUE_PARAMETER BOUND_VALUE_PARAMETER name:$renderState$delegate index:2 type:androidx.compose.runtime.MutableState<com.cincinnatiai.ssr_library.model.ComponentRenderState>
            VALUE_PARAMETER BOUND_VALUE_PARAMETER name:$json index:3 type:kotlin.String
            VALUE_PARAMETER name:$completion index:4 type:kotlin.coroutines.Continuation<com.cincinnatiai.ssr_library.ServerSideRendererImpl.RenderScreen.<no name provided>>?
            BLOCK_BODY
              SET_FIELD 'FIELD FIELD_FOR_CAPTURED_VALUE name:this$0 type:com.cincinnatiai.ssr_library.ServerSideRendererImpl visibility:public/*package*/ [final] declared in com.cincinnatiai.ssr_library.ServerSideRendererImpl.RenderScreen.<no name provided>' type=kotlin.Unit origin=INITIALIZER_OF_FIELD_FOR_CAPTURED_VALUE
                receiver: GET_VAR '<this>: com.cincinnatiai.ssr_library.ServerSideRendererImpl.RenderScreen.<no name provided> declared in com.cincinnatiai.ssr_library.ServerSideRendererImpl.RenderScreen.<no name provided>' type=com.cincinnatiai.ssr_library.ServerSideRendererImpl.RenderScreen.<no name provided> origin=null
                value: GET_VAR 'this$0: com.cincinnatiai.ssr_library.ServerSideRendererImpl declared in com.cincinnatiai.ssr_library.ServerSideRendererImpl.RenderScreen.<no name provided>.<init>' type=com.cincinnatiai.ssr_library.ServerSideRendererImpl origin=null
              SET_FIELD 'FIELD FIELD_FOR_CAPTURED_VALUE name:$cacheKey type:kotlin.String visibility:public/*package*/ [final] declared in com.cincinnatiai.ssr_library.ServerSideRendererImpl.RenderScreen.<no name provided>' type=kotlin.Unit origin=INITIALIZER_OF_FIELD_FOR_CAPTURED_VALUE
                receiver: GET_VAR '<this>: com.cincinnatiai.ssr_library.ServerSideRendererImpl.RenderScreen.<no name provided> declared in com.cincinnatiai.ssr_library.ServerSideRendererImpl.RenderScreen.<no name provided>' type=com.cincinnatiai.ssr_library.ServerSideRendererImpl.RenderScreen.<no name provided> origin=null
                value: GET_VAR '$cacheKey: kotlin.String declared in com.cincinnatiai.ssr_library.ServerSideRendererImpl.RenderScreen.<no name provided>.<init>' type=kotlin.String origin=null
              SET_FIELD 'FIELD FIELD_FOR_CAPTURED_VALUE name:$renderState$delegate type:androidx.compose.runtime.MutableState<com.cincinnatiai.ssr_library.model.ComponentRenderState> visibility:public/*package*/ [final] declared in com.cincinnatiai.ssr_library.ServerSideRendererImpl.RenderScreen.<no name provided>' type=kotlin.Unit origin=INITIALIZER_OF_FIELD_FOR_CAPTURED_VALUE
                receiver: GET_VAR '<this>: com.cincinnatiai.ssr_library.ServerSideRendererImpl.RenderScreen.<no name provided> declared in com.cincinnatiai.ssr_library.ServerSideRendererImpl.RenderScreen.<no name provided>' type=com.cincinnatiai.ssr_library.ServerSideRendererImpl.RenderScreen.<no name provided> origin=null
                value: GET_VAR '$renderState$delegate: androidx.compose.runtime.MutableState<com.cincinnatiai.ssr_library.model.ComponentRenderState> declared in com.cincinnatiai.ssr_library.ServerSideRendererImpl.RenderScreen.<no name provided>.<init>' type=androidx.compose.runtime.MutableState<com.cincinnatiai.ssr_library.model.ComponentRenderState> origin=null
              SET_FIELD 'FIELD FIELD_FOR_CAPTURED_VALUE name:$json type:kotlin.String visibility:public/*package*/ [final] declared in com.cincinnatiai.ssr_library.ServerSideRendererImpl.RenderScreen.<no name provided>' type=kotlin.Unit origin=INITIALIZER_OF_FIELD_FOR_CAPTURED_VALUE
                receiver: GET_VAR '<this>: com.cincinnatiai.ssr_library.ServerSideRendererImpl.RenderScreen.<no name provided> declared in com.cincinnatiai.ssr_library.ServerSideRendererImpl.RenderScreen.<no name provided>' type=com.cincinnatiai.ssr_library.ServerSideRendererImpl.RenderScreen.<no name provided> origin=null
                value: GET_VAR '$json: kotlin.String declared in com.cincinnatiai.ssr_library.ServerSideRendererImpl.RenderScreen.<no name provided>.<init>' type=kotlin.String origin=null
              DELEGATING_CONSTRUCTOR_CALL 'public constructor <init> (arity: kotlin.Int, $completion: kotlin.coroutines.Continuation<kotlin.Any?>?) declared in kotlin.coroutines.jvm.internal.SuspendLambda'
                arity: CONST Int type=kotlin.Int value=2
                $completion: GET_VAR '$completion: kotlin.coroutines.Continuation<com.cincinnatiai.ssr_library.ServerSideRendererImpl.RenderScreen.<no name provided>>? declared in com.cincinnatiai.ssr_library.ServerSideRendererImpl.RenderScreen.<no name provided>.<init>' type=kotlin.coroutines.Continuation<com.cincinnatiai.ssr_library.ServerSideRendererImpl.RenderScreen.<no name provided>>? origin=null
              BLOCK type=kotlin.Unit origin=null
          FUN name:invokeSuspend visibility:public modality:FINAL <> ($this:com.cincinnatiai.ssr_library.ServerSideRendererImpl.RenderScreen.<no name provided>, $result:kotlin.Result<kotlin.Any?>) returnType:kotlin.Any?
            overridden:
              protected abstract fun invokeSuspend ($result: kotlin.Result<kotlin.Any?>): kotlin.Any? declared in kotlin.coroutines.jvm.internal.SuspendLambda
            $this: VALUE_PARAMETER INSTANCE_RECEIVER name:<this> type:com.cincinnatiai.ssr_library.ServerSideRendererImpl.RenderScreen.<no name provided>
            VALUE_PARAMETER name:$result index:0 type:kotlin.Result<kotlin.Any?>
            BLOCK_BODY
              CALL 'public final fun access$RenderScreen$lambda$2 ($renderState$delegate: androidx.compose.runtime.MutableState<com.cincinnatiai.ssr_library.model.ComponentRenderState>, <set-?>: com.cincinnatiai.ssr_library.model.ComponentRenderState): kotlin.Unit declared in com.cincinnatiai.ssr_library.ServerSideRendererImpl' type=kotlin.Unit origin=EQ
                $renderState$delegate: GET_FIELD 'FIELD FIELD_FOR_CAPTURED_VALUE name:$renderState$delegate type:androidx.compose.runtime.MutableState<com.cincinnatiai.ssr_library.model.ComponentRenderState> visibility:public/*package*/ [final] declared in com.cincinnatiai.ssr_library.ServerSideRendererImpl.RenderScreen.<no name provided>' type=androidx.compose.runtime.MutableState<com.cincinnatiai.ssr_library.model.ComponentRenderState> origin=null
                  receiver: GET_VAR '<this>: com.cincinnatiai.ssr_library.ServerSideRendererImpl.RenderScreen.<no name provided> declared in com.cincinnatiai.ssr_library.ServerSideRendererImpl.RenderScreen.<no name provided>.invokeSuspend' type=com.cincinnatiai.ssr_library.ServerSideRendererImpl.RenderScreen.<no name provided> origin=null
                <set-?>: GET_FIELD 'FIELD FIELD_FOR_OBJECT_INSTANCE name:INSTANCE type:com.cincinnatiai.ssr_library.model.ComponentRenderState.Loading visibility:public [final,static] declared in com.cincinnatiai.ssr_library.model.ComponentRenderState.Loading' type=com.cincinnatiai.ssr_library.model.ComponentRenderState.Loading origin=null
              TRY type=kotlin.Unit
                try: BLOCK type=kotlin.Unit origin=null
                  VAR name:cached type:com.cincinnatiai.ssr_library.model.ComposableTree? [val]
                    CALL 'public open fun get (p0: @[EnhancedNullability] {K of java.util.concurrent.ConcurrentHashMap & Any}): @[EnhancedNullability] V of java.util.concurrent.ConcurrentHashMap? [operator] declared in java.util.concurrent.ConcurrentHashMap' type=@[EnhancedNullability] com.cincinnatiai.ssr_library.model.ComposableTree? origin=GET_ARRAY_ELEMENT
                      $this: CALL 'public final fun access$getComponentCache$p ($this: com.cincinnatiai.ssr_library.ServerSideRendererImpl): java.util.concurrent.ConcurrentHashMap<kotlin.String, com.cincinnatiai.ssr_library.model.ComposableTree> declared in com.cincinnatiai.ssr_library.ServerSideRendererImpl' type=java.util.concurrent.ConcurrentHashMap<kotlin.String, com.cincinnatiai.ssr_library.model.ComposableTree> origin=null
                        $this: GET_FIELD 'FIELD FIELD_FOR_CAPTURED_VALUE name:this$0 type:com.cincinnatiai.ssr_library.ServerSideRendererImpl visibility:public/*package*/ [final] declared in com.cincinnatiai.ssr_library.ServerSideRendererImpl.RenderScreen.<no name provided>' type=com.cincinnatiai.ssr_library.ServerSideRendererImpl origin=null
                          receiver: GET_VAR '<this>: com.cincinnatiai.ssr_library.ServerSideRendererImpl.RenderScreen.<no name provided> declared in com.cincinnatiai.ssr_library.ServerSideRendererImpl.RenderScreen.<no name provided>.invokeSuspend' type=com.cincinnatiai.ssr_library.ServerSideRendererImpl.RenderScreen.<no name provided> origin=null
                      p0: GET_FIELD 'FIELD FIELD_FOR_CAPTURED_VALUE name:$cacheKey type:kotlin.String visibility:public/*package*/ [final] declared in com.cincinnatiai.ssr_library.ServerSideRendererImpl.RenderScreen.<no name provided>' type=kotlin.String origin=null
                        receiver: GET_VAR '<this>: com.cincinnatiai.ssr_library.ServerSideRendererImpl.RenderScreen.<no name provided> declared in com.cincinnatiai.ssr_library.ServerSideRendererImpl.RenderScreen.<no name provided>.invokeSuspend' type=com.cincinnatiai.ssr_library.ServerSideRendererImpl.RenderScreen.<no name provided> origin=null
                  WHEN type=kotlin.Unit origin=IF
                    BRANCH
                      if: CALL 'public final fun not (): kotlin.Boolean [operator] declared in kotlin.Boolean' type=kotlin.Boolean origin=EXCLEQ
                        $this: CALL 'public final fun EQEQ (arg0: kotlin.Any?, arg1: kotlin.Any?): kotlin.Boolean declared in kotlin.internal.ir' type=kotlin.Boolean origin=EXCLEQ
                          arg0: GET_VAR 'val cached: com.cincinnatiai.ssr_library.model.ComposableTree? [val] declared in com.cincinnatiai.ssr_library.ServerSideRendererImpl.RenderScreen.<no name provided>.invokeSuspend' type=com.cincinnatiai.ssr_library.model.ComposableTree? origin=null
                          arg1: CONST Null type=kotlin.Nothing? value=null
                      then: BLOCK type=kotlin.Unit origin=null
                        CALL 'public final fun access$RenderScreen$lambda$2 ($renderState$delegate: androidx.compose.runtime.MutableState<com.cincinnatiai.ssr_library.model.ComponentRenderState>, <set-?>: com.cincinnatiai.ssr_library.model.ComponentRenderState): kotlin.Unit declared in com.cincinnatiai.ssr_library.ServerSideRendererImpl' type=kotlin.Unit origin=EQ
                          $renderState$delegate: GET_FIELD 'FIELD FIELD_FOR_CAPTURED_VALUE name:$renderState$delegate type:androidx.compose.runtime.MutableState<com.cincinnatiai.ssr_library.model.ComponentRenderState> visibility:public/*package*/ [final] declared in com.cincinnatiai.ssr_library.ServerSideRendererImpl.RenderScreen.<no name provided>' type=androidx.compose.runtime.MutableState<com.cincinnatiai.ssr_library.model.ComponentRenderState> origin=null
                            receiver: GET_VAR '<this>: com.cincinnatiai.ssr_library.ServerSideRendererImpl.RenderScreen.<no name provided> declared in com.cincinnatiai.ssr_library.ServerSideRendererImpl.RenderScreen.<no name provided>.invokeSuspend' type=com.cincinnatiai.ssr_library.ServerSideRendererImpl.RenderScreen.<no name provided> origin=null
                          <set-?>: CONSTRUCTOR_CALL 'public constructor <init> (composableTree: com.cincinnatiai.ssr_library.model.ComposableTree) [primary] declared in com.cincinnatiai.ssr_library.model.ComponentRenderState.Success' type=com.cincinnatiai.ssr_library.model.ComponentRenderState.Success origin=null
                            composableTree: GET_VAR 'val cached: com.cincinnatiai.ssr_library.model.ComposableTree? [val] declared in com.cincinnatiai.ssr_library.ServerSideRendererImpl.RenderScreen.<no name provided>.invokeSuspend' type=com.cincinnatiai.ssr_library.model.ComposableTree? origin=null
                    BRANCH
                      if: CONST Boolean type=kotlin.Boolean value=true
                      then: BLOCK type=kotlin.Unit origin=null
                        VAR name:composableTree type:com.cincinnatiai.ssr_library.model.ComposableTree [val]
                          CALL 'public final fun withContext <T> (context: kotlin.coroutines.CoroutineContext, block: @[ExtensionFunctionType] kotlin.coroutines.SuspendFunction1<kotlinx.coroutines.CoroutineScope, T of kotlinx.coroutines.BuildersKt.withContext>, $completion: kotlin.coroutines.Continuation<T of kotlinx.coroutines.BuildersKt.withContext>): kotlin.Any? [suspend] declared in kotlinx.coroutines.BuildersKt' type=com.cincinnatiai.ssr_library.model.ComposableTree origin=null
                            <T>: com.cincinnatiai.ssr_library.model.ComposableTree
                            context: CALL 'public final fun access$getParsingDispatcher$p ($this: com.cincinnatiai.ssr_library.ServerSideRendererImpl): kotlinx.coroutines.CoroutineDispatcher declared in com.cincinnatiai.ssr_library.ServerSideRendererImpl' type=kotlinx.coroutines.CoroutineDispatcher origin=null
                              $this: GET_FIELD 'FIELD FIELD_FOR_CAPTURED_VALUE name:this$0 type:com.cincinnatiai.ssr_library.ServerSideRendererImpl visibility:public/*package*/ [final] declared in com.cincinnatiai.ssr_library.ServerSideRendererImpl.RenderScreen.<no name provided>' type=com.cincinnatiai.ssr_library.ServerSideRendererImpl origin=null
                                receiver: GET_VAR '<this>: com.cincinnatiai.ssr_library.ServerSideRendererImpl.RenderScreen.<no name provided> declared in com.cincinnatiai.ssr_library.ServerSideRendererImpl.RenderScreen.<no name provided>.invokeSuspend' type=com.cincinnatiai.ssr_library.ServerSideRendererImpl.RenderScreen.<no name provided> origin=null
                            block: BLOCK type=com.cincinnatiai.ssr_library.ServerSideRendererImpl.RenderScreen.<no name provided>.invokeSuspend.<no name provided> origin=null
                              CLASS SUSPEND_LAMBDA CLASS name:<no name provided> modality:FINAL visibility:public/*package*/ superTypes:[kotlin.coroutines.jvm.internal.SuspendLambda; kotlin.jvm.functions.Function2<kotlinx.coroutines.CoroutineScope, kotlin.coroutines.Continuation<com.cincinnatiai.ssr_library.model.ComposableTree>?, kotlin.Any?>]
                                $this: VALUE_PARAMETER INSTANCE_RECEIVER name:<this> type:com.cincinnatiai.ssr_library.ServerSideRendererImpl.RenderScreen.<no name provided>.invokeSuspend.<no name provided>
                                FIELD name:label type:kotlin.Int visibility:public/*package*/
                                CONSTRUCTOR SUSPEND_LAMBDA visibility:public/*package*/ <> (this$0:com.cincinnatiai.ssr_library.ServerSideRendererImpl, $json:kotlin.String, $completion:kotlin.coroutines.Continuation<com.cincinnatiai.ssr_library.ServerSideRendererImpl.RenderScreen.<no name provided>.invokeSuspend.<no name provided>>?) returnType:com.cincinnatiai.ssr_library.ServerSideRendererImpl.RenderScreen.<no name provided>.invokeSuspend.<no name provided> [primary]
                                  VALUE_PARAMETER BOUND_RECEIVER_PARAMETER name:this$0 index:0 type:com.cincinnatiai.ssr_library.ServerSideRendererImpl
                                  VALUE_PARAMETER BOUND_VALUE_PARAMETER name:$json index:1 type:kotlin.String
                                  VALUE_PARAMETER name:$completion index:2 type:kotlin.coroutines.Continuation<com.cincinnatiai.ssr_library.ServerSideRendererImpl.RenderScreen.<no name provided>.invokeSuspend.<no name provided>>?
                                  BLOCK_BODY
                                    SET_FIELD 'FIELD FIELD_FOR_CAPTURED_VALUE name:this$0 type:com.cincinnatiai.ssr_library.ServerSideRendererImpl visibility:public/*package*/ [final] declared in com.cincinnatiai.ssr_library.ServerSideRendererImpl.RenderScreen.<no name provided>.invokeSuspend.<no name provided>' type=kotlin.Unit origin=INITIALIZER_OF_FIELD_FOR_CAPTURED_VALUE
                                      receiver: GET_VAR '<this>: com.cincinnatiai.ssr_library.ServerSideRendererImpl.RenderScreen.<no name provided>.invokeSuspend.<no name provided> declared in com.cincinnatiai.ssr_library.ServerSideRendererImpl.RenderScreen.<no name provided>.invokeSuspend.<no name provided>' type=com.cincinnatiai.ssr_library.ServerSideRendererImpl.RenderScreen.<no name provided>.invokeSuspend.<no name provided> origin=null
                                      value: GET_VAR 'this$0: com.cincinnatiai.ssr_library.ServerSideRendererImpl declared in com.cincinnatiai.ssr_library.ServerSideRendererImpl.RenderScreen.<no name provided>.invokeSuspend.<no name provided>.<init>' type=com.cincinnatiai.ssr_library.ServerSideRendererImpl origin=null
                                    SET_FIELD 'FIELD FIELD_FOR_CAPTURED_VALUE name:$json type:kotlin.String visibility:public/*package*/ [final] declared in com.cincinnatiai.ssr_library.ServerSideRendererImpl.RenderScreen.<no name provided>.invokeSuspend.<no name provided>' type=kotlin.Unit origin=INITIALIZER_OF_FIELD_FOR_CAPTURED_VALUE
                                      receiver: GET_VAR '<this>: com.cincinnatiai.ssr_library.ServerSideRendererImpl.RenderScreen.<no name provided>.invokeSuspend.<no name provided> declared in com.cincinnatiai.ssr_library.ServerSideRendererImpl.RenderScreen.<no name provided>.invokeSuspend.<no name provided>' type=com.cincinnatiai.ssr_library.ServerSideRendererImpl.RenderScreen.<no name provided>.invokeSuspend.<no name provided> origin=null
                                      value: GET_VAR '$json: kotlin.String declared in com.cincinnatiai.ssr_library.ServerSideRendererImpl.RenderScreen.<no name provided>.invokeSuspend.<no name provided>.<init>' type=kotlin.String origin=null
                                    DELEGATING_CONSTRUCTOR_CALL 'public constructor <init> (arity: kotlin.Int, $completion: kotlin.coroutines.Continuation<kotlin.Any?>?) declared in kotlin.coroutines.jvm.internal.SuspendLambda'
                                      arity: CONST Int type=kotlin.Int value=2
                                      $completion: GET_VAR '$completion: kotlin.coroutines.Continuation<com.cincinnatiai.ssr_library.ServerSideRendererImpl.RenderScreen.<no name provided>.invokeSuspend.<no name provided>>? declared in com.cincinnatiai.ssr_library.ServerSideRendererImpl.RenderScreen.<no name provided>.invokeSuspend.<no name provided>.<init>' type=kotlin.coroutines.Continuation<com.cincinnatiai.ssr_library.ServerSideRendererImpl.RenderScreen.<no name provided>.invokeSuspend.<no name provided>>? origin=null
                                    BLOCK type=kotlin.Unit origin=null
                                FUN name:invokeSuspend visibility:public modality:FINAL <> ($this:com.cincinnatiai.ssr_library.ServerSideRendererImpl.RenderScreen.<no name provided>.invokeSuspend.<no name provided>, $result:kotlin.Result<kotlin.Any?>) returnType:kotlin.Any?
                                  overridden:
                                    protected abstract fun invokeSuspend ($result: kotlin.Result<kotlin.Any?>): kotlin.Any? declared in kotlin.coroutines.jvm.internal.SuspendLambda
                                  $this: VALUE_PARAMETER INSTANCE_RECEIVER name:<this> type:com.cincinnatiai.ssr_library.ServerSideRendererImpl.RenderScreen.<no name provided>.invokeSuspend.<no name provided>
                                  VALUE_PARAMETER name:$result index:0 type:kotlin.Result<kotlin.Any?>
                                  BLOCK_BODY
                                    RETURN type=kotlin.Nothing from='public final fun invokeSuspend ($result: kotlin.Result<kotlin.Any?>): kotlin.Any? declared in com.cincinnatiai.ssr_library.ServerSideRendererImpl.RenderScreen.<no name provided>.invokeSuspend.<no name provided>'
                                      CALL 'public final fun access$buildComponentTree ($this: com.cincinnatiai.ssr_library.ServerSideRendererImpl, json: kotlin.String, $completion: kotlin.coroutines.Continuation<com.cincinnatiai.ssr_library.model.ComposableTree>): kotlin.Any? [suspend] declared in com.cincinnatiai.ssr_library.ServerSideRendererImpl' type=com.cincinnatiai.ssr_library.model.ComposableTree origin=null
                                        $this: GET_FIELD 'FIELD FIELD_FOR_CAPTURED_VALUE name:this$0 type:com.cincinnatiai.ssr_library.ServerSideRendererImpl visibility:public/*package*/ [final] declared in com.cincinnatiai.ssr_library.ServerSideRendererImpl.RenderScreen.<no name provided>.invokeSuspend.<no name provided>' type=com.cincinnatiai.ssr_library.ServerSideRendererImpl origin=null
                                          receiver: GET_VAR '<this>: com.cincinnatiai.ssr_library.ServerSideRendererImpl.RenderScreen.<no name provided>.invokeSuspend.<no name provided> declared in com.cincinnatiai.ssr_library.ServerSideRendererImpl.RenderScreen.<no name provided>.invokeSuspend.<no name provided>.invokeSuspend' type=com.cincinnatiai.ssr_library.ServerSideRendererImpl.RenderScreen.<no name provided>.invokeSuspend.<no name provided> origin=null
                                        json: GET_FIELD 'FIELD FIELD_FOR_CAPTURED_VALUE name:$json type:kotlin.String visibility:public/*package*/ [final] declared in com.cincinnatiai.ssr_library.ServerSideRendererImpl.RenderScreen.<no name provided>.invokeSuspend.<no name provided>' type=kotlin.String origin=null
                                          receiver: GET_VAR '<this>: com.cincinnatiai.ssr_library.ServerSideRendererImpl.RenderScreen.<no name provided>.invokeSuspend.<no name provided> declared in com.cincinnatiai.ssr_library.ServerSideRendererImpl.RenderScreen.<no name provided>.invokeSuspend.<no name provided>.invokeSuspend' type=com.cincinnatiai.ssr_library.ServerSideRendererImpl.RenderScreen.<no name provided>.invokeSuspend.<no name provided> origin=null
                                        $completion: GET_VAR '<this>: com.cincinnatiai.ssr_library.ServerSideRendererImpl.RenderScreen.<no name provided>.invokeSuspend.<no name provided> declared in com.cincinnatiai.ssr_library.ServerSideRendererImpl.RenderScreen.<no name provided>.invokeSuspend.<no name provided>.invokeSuspend' type=com.cincinnatiai.ssr_library.ServerSideRendererImpl.RenderScreen.<no name provided>.invokeSuspend.<no name provided> origin=null
                                FUN name:create visibility:public modality:FINAL <> ($this:com.cincinnatiai.ssr_library.ServerSideRendererImpl.RenderScreen.<no name provided>.invokeSuspend.<no name provided>, value:kotlin.Any?, $completion:kotlin.coroutines.Continuation<kotlin.Nothing>) returnType:kotlin.coroutines.Continuation<kotlin.Unit>
                                  overridden:
                                    public open fun create (value: kotlin.Any?, $completion: kotlin.coroutines.Continuation<kotlin.Nothing>): kotlin.coroutines.Continuation<kotlin.Unit> declared in kotlin.coroutines.jvm.internal.SuspendLambda
                                  $this: VALUE_PARAMETER INSTANCE_RECEIVER name:<this> type:com.cincinnatiai.ssr_library.ServerSideRendererImpl.RenderScreen.<no name provided>.invokeSuspend.<no name provided>
                                  VALUE_PARAMETER name:value index:0 type:kotlin.Any?
                                  VALUE_PARAMETER name:$completion index:1 type:kotlin.coroutines.Continuation<kotlin.Nothing>
                                  BLOCK_BODY
                                    RETURN type=kotlin.Nothing from='public final fun create (value: kotlin.Any?, $completion: kotlin.coroutines.Continuation<kotlin.Nothing>): kotlin.coroutines.Continuation<kotlin.Unit> declared in com.cincinnatiai.ssr_library.ServerSideRendererImpl.RenderScreen.<no name provided>.invokeSuspend.<no name provided>'
                                      CONSTRUCTOR_CALL 'public/*package*/ constructor <init> (this$0: com.cincinnatiai.ssr_library.ServerSideRendererImpl, $json: kotlin.String, $completion: kotlin.coroutines.Continuation<com.cincinnatiai.ssr_library.ServerSideRendererImpl.RenderScreen.<no name provided>.invokeSuspend.<no name provided>>?) [primary] declared in com.cincinnatiai.ssr_library.ServerSideRendererImpl.RenderScreen.<no name provided>.invokeSuspend.<no name provided>' type=com.cincinnatiai.ssr_library.ServerSideRendererImpl.RenderScreen.<no name provided>.invokeSuspend.<no name provided> origin=null
                                        this$0: GET_FIELD 'FIELD FIELD_FOR_CAPTURED_VALUE name:this$0 type:com.cincinnatiai.ssr_library.ServerSideRendererImpl visibility:public/*package*/ [final] declared in com.cincinnatiai.ssr_library.ServerSideRendererImpl.RenderScreen.<no name provided>.invokeSuspend.<no name provided>' type=com.cincinnatiai.ssr_library.ServerSideRendererImpl origin=null
                                          receiver: GET_VAR '<this>: com.cincinnatiai.ssr_library.ServerSideRendererImpl.RenderScreen.<no name provided>.invokeSuspend.<no name provided> declared in com.cincinnatiai.ssr_library.ServerSideRendererImpl.RenderScreen.<no name provided>.invokeSuspend.<no name provided>.create' type=com.cincinnatiai.ssr_library.ServerSideRendererImpl.RenderScreen.<no name provided>.invokeSuspend.<no name provided> origin=null
                                        $json: GET_FIELD 'FIELD FIELD_FOR_CAPTURED_VALUE name:$json type:kotlin.String visibility:public/*package*/ [final] declared in com.cincinnatiai.ssr_library.ServerSideRendererImpl.RenderScreen.<no name provided>.invokeSuspend.<no name provided>' type=kotlin.String origin=null
                                          receiver: GET_VAR '<this>: com.cincinnatiai.ssr_library.ServerSideRendererImpl.RenderScreen.<no name provided>.invokeSuspend.<no name provided> declared in com.cincinnatiai.ssr_library.ServerSideRendererImpl.RenderScreen.<no name provided>.invokeSuspend.<no name provided>.create' type=com.cincinnatiai.ssr_library.ServerSideRendererImpl.RenderScreen.<no name provided>.invokeSuspend.<no name provided> origin=null
                                        $completion: GET_VAR '$completion: kotlin.coroutines.Continuation<kotlin.Nothing> declared in com.cincinnatiai.ssr_library.ServerSideRendererImpl.RenderScreen.<no name provided>.invokeSuspend.<no name provided>.create' type=kotlin.coroutines.Continuation<kotlin.Nothing> origin=null
                                FUN name:invoke visibility:public modality:FINAL <> ($this:com.cincinnatiai.ssr_library.ServerSideRendererImpl.RenderScreen.<no name provided>.invokeSuspend.<no name provided>, p1:kotlinx.coroutines.CoroutineScope, p2:kotlin.coroutines.Continuation<com.cincinnatiai.ssr_library.model.ComposableTree>?) returnType:kotlin.Any?
                                  overridden:
                                    public abstract fun invoke (p1: P1 of kotlin.jvm.functions.Function2, p2: P2 of kotlin.jvm.functions.Function2): R of kotlin.jvm.functions.Function2 declared in kotlin.jvm.functions.Function2
                                  $this: VALUE_PARAMETER INSTANCE_RECEIVER name:<this> type:com.cincinnatiai.ssr_library.ServerSideRendererImpl.RenderScreen.<no name provided>.invokeSuspend.<no name provided>
                                  VALUE_PARAMETER name:p1 index:0 type:kotlinx.coroutines.CoroutineScope
                                  VALUE_PARAMETER name:p2 index:1 type:kotlin.coroutines.Continuation<com.cincinnatiai.ssr_library.model.ComposableTree>?
                                  BLOCK_BODY
                                    RETURN type=kotlin.Nothing from='public final fun invoke (p1: kotlinx.coroutines.CoroutineScope, p2: kotlin.coroutines.Continuation<com.cincinnatiai.ssr_library.model.ComposableTree>?): kotlin.Any? declared in com.cincinnatiai.ssr_library.ServerSideRendererImpl.RenderScreen.<no name provided>.invokeSuspend.<no name provided>'
                                      CALL 'public final fun invokeSuspend ($result: kotlin.Result<kotlin.Any?>): kotlin.Any? declared in com.cincinnatiai.ssr_library.ServerSideRendererImpl.RenderScreen.<no name provided>.invokeSuspend.<no name provided>' type=kotlin.Any? origin=null
                                        $this: TYPE_OP type=com.cincinnatiai.ssr_library.ServerSideRendererImpl.RenderScreen.<no name provided>.invokeSuspend.<no name provided> origin=IMPLICIT_CAST typeOperand=com.cincinnatiai.ssr_library.ServerSideRendererImpl.RenderScreen.<no name provided>.invokeSuspend.<no name provided>
                                          CALL 'public final fun create (value: kotlin.Any?, $completion: kotlin.coroutines.Continuation<kotlin.Nothing>): kotlin.coroutines.Continuation<kotlin.Unit> declared in com.cincinnatiai.ssr_library.ServerSideRendererImpl.RenderScreen.<no name provided>.invokeSuspend.<no name provided>' type=kotlin.coroutines.Continuation<kotlin.Unit> origin=null
                                            $this: GET_VAR '<this>: com.cincinnatiai.ssr_library.ServerSideRendererImpl.RenderScreen.<no name provided>.invokeSuspend.<no name provided> declared in com.cincinnatiai.ssr_library.ServerSideRendererImpl.RenderScreen.<no name provided>.invokeSuspend.<no name provided>.invoke' type=com.cincinnatiai.ssr_library.ServerSideRendererImpl.RenderScreen.<no name provided>.invokeSuspend.<no name provided> origin=null
                                            value: GET_VAR 'p1: kotlinx.coroutines.CoroutineScope declared in com.cincinnatiai.ssr_library.ServerSideRendererImpl.RenderScreen.<no name provided>.invokeSuspend.<no name provided>.invoke' type=kotlinx.coroutines.CoroutineScope origin=null
                                            $completion: GET_VAR 'p2: kotlin.coroutines.Continuation<com.cincinnatiai.ssr_library.model.ComposableTree>? declared in com.cincinnatiai.ssr_library.ServerSideRendererImpl.RenderScreen.<no name provided>.invokeSuspend.<no name provided>.invoke' type=kotlin.coroutines.Continuation<com.cincinnatiai.ssr_library.model.ComposableTree>? origin=null
                                        $result: CALL 'public final fun <unsafe-coerce> <T, R> (v: T of kotlin.jvm.internal.<unsafe-coerce>): R of kotlin.jvm.internal.<unsafe-coerce> declared in kotlin.jvm.internal' type=kotlin.Result<kotlin.Any?> origin=null
                                          <T>: kotlin.Any?
                                          <R>: kotlin.Result<kotlin.Any?>
                                          v: GET_FIELD 'FIELD FIELD_FOR_OBJECT_INSTANCE name:INSTANCE type:kotlin.Unit visibility:public [final,static] declared in kotlin.Unit' type=kotlin.Unit origin=null
                                FIELD FIELD_FOR_CAPTURED_VALUE name:this$0 type:com.cincinnatiai.ssr_library.ServerSideRendererImpl visibility:public/*package*/ [final]
                                FIELD FIELD_FOR_CAPTURED_VALUE name:$json type:kotlin.String visibility:public/*package*/ [final]
                                FUN BRIDGE name:invoke visibility:public modality:OPEN <> ($this:com.cincinnatiai.ssr_library.ServerSideRendererImpl.RenderScreen.<no name provided>.invokeSuspend.<no name provided>, p1:kotlin.Any?, p2:kotlin.Any?) returnType:kotlin.Any?
                                  $this: VALUE_PARAMETER INSTANCE_RECEIVER name:<this> type:com.cincinnatiai.ssr_library.ServerSideRendererImpl.RenderScreen.<no name provided>.invokeSuspend.<no name provided>
                                  VALUE_PARAMETER BRIDGE name:p1 index:0 type:kotlin.Any?
                                  VALUE_PARAMETER BRIDGE name:p2 index:1 type:kotlin.Any?
                                  EXPRESSION_BODY
                                    RETURN type=kotlin.Nothing from='public open fun invoke (p1: kotlin.Any?, p2: kotlin.Any?): kotlin.Any? declared in com.cincinnatiai.ssr_library.ServerSideRendererImpl.RenderScreen.<no name provided>.invokeSuspend.<no name provided>'
                                      CALL 'public final fun invoke (p1: kotlinx.coroutines.CoroutineScope, p2: kotlin.coroutines.Continuation<com.cincinnatiai.ssr_library.model.ComposableTree>?): kotlin.Any? declared in com.cincinnatiai.ssr_library.ServerSideRendererImpl.RenderScreen.<no name provided>.invokeSuspend.<no name provided>' type=kotlin.Any? origin=BRIDGE_DELEGATION
                                        $this: GET_VAR '<this>: com.cincinnatiai.ssr_library.ServerSideRendererImpl.RenderScreen.<no name provided>.invokeSuspend.<no name provided> declared in com.cincinnatiai.ssr_library.ServerSideRendererImpl.RenderScreen.<no name provided>.invokeSuspend.<no name provided>.invoke' type=com.cincinnatiai.ssr_library.ServerSideRendererImpl.RenderScreen.<no name provided>.invokeSuspend.<no name provided> origin=null
                                        p1: TYPE_OP type=kotlinx.coroutines.CoroutineScope origin=IMPLICIT_CAST typeOperand=kotlinx.coroutines.CoroutineScope
                                          GET_VAR 'p1: kotlin.Any? declared in com.cincinnatiai.ssr_library.ServerSideRendererImpl.RenderScreen.<no name provided>.invokeSuspend.<no name provided>.invoke' type=kotlin.Any? origin=null
                                        p2: TYPE_OP type=kotlin.coroutines.Continuation<*> origin=IMPLICIT_CAST typeOperand=kotlin.coroutines.Continuation<*>
                                          GET_VAR 'p2: kotlin.Any? declared in com.cincinnatiai.ssr_library.ServerSideRendererImpl.RenderScreen.<no name provided>.invokeSuspend.<no name provided>.invoke' type=kotlin.Any? origin=null
                              CONSTRUCTOR_CALL 'public/*package*/ constructor <init> (this$0: com.cincinnatiai.ssr_library.ServerSideRendererImpl, $json: kotlin.String, $completion: kotlin.coroutines.Continuation<com.cincinnatiai.ssr_library.ServerSideRendererImpl.RenderScreen.<no name provided>.invokeSuspend.<no name provided>>?) [primary] declared in com.cincinnatiai.ssr_library.ServerSideRendererImpl.RenderScreen.<no name provided>.invokeSuspend.<no name provided>' type=com.cincinnatiai.ssr_library.ServerSideRendererImpl.RenderScreen.<no name provided>.invokeSuspend.<no name provided> origin=null
                                this$0: GET_FIELD 'FIELD FIELD_FOR_CAPTURED_VALUE name:this$0 type:com.cincinnatiai.ssr_library.ServerSideRendererImpl visibility:public/*package*/ [final] declared in com.cincinnatiai.ssr_library.ServerSideRendererImpl.RenderScreen.<no name provided>' type=com.cincinnatiai.ssr_library.ServerSideRendererImpl origin=null
                                  receiver: GET_VAR '<this>: com.cincinnatiai.ssr_library.ServerSideRendererImpl.RenderScreen.<no name provided> declared in com.cincinnatiai.ssr_library.ServerSideRendererImpl.RenderScreen.<no name provided>.invokeSuspend' type=com.cincinnatiai.ssr_library.ServerSideRendererImpl.RenderScreen.<no name provided> origin=null
                                $json: GET_FIELD 'FIELD FIELD_FOR_CAPTURED_VALUE name:$json type:kotlin.String visibility:public/*package*/ [final] declared in com.cincinnatiai.ssr_library.ServerSideRendererImpl.RenderScreen.<no name provided>' type=kotlin.String origin=null
                                  receiver: GET_VAR '<this>: com.cincinnatiai.ssr_library.ServerSideRendererImpl.RenderScreen.<no name provided> declared in com.cincinnatiai.ssr_library.ServerSideRendererImpl.RenderScreen.<no name provided>.invokeSuspend' type=com.cincinnatiai.ssr_library.ServerSideRendererImpl.RenderScreen.<no name provided> origin=null
                                $completion: CONST Null type=kotlin.Nothing? value=null
                            $completion: GET_VAR '<this>: com.cincinnatiai.ssr_library.ServerSideRendererImpl.RenderScreen.<no name provided> declared in com.cincinnatiai.ssr_library.ServerSideRendererImpl.RenderScreen.<no name provided>.invokeSuspend' type=com.cincinnatiai.ssr_library.ServerSideRendererImpl.RenderScreen.<no name provided> origin=null
                        CALL 'public final fun set <K, V> (key: K of kotlin.collections.MapsKt.set, value: V of kotlin.collections.MapsKt.set): kotlin.Unit [inline,operator] declared in kotlin.collections.MapsKt' type=kotlin.Unit origin=EQ
                          <K>: kotlin.String
                          <V>: com.cincinnatiai.ssr_library.model.ComposableTree
                          $receiver: CALL 'public final fun access$getComponentCache$p ($this: com.cincinnatiai.ssr_library.ServerSideRendererImpl): java.util.concurrent.ConcurrentHashMap<kotlin.String, com.cincinnatiai.ssr_library.model.ComposableTree> declared in com.cincinnatiai.ssr_library.ServerSideRendererImpl' type=java.util.concurrent.ConcurrentHashMap<kotlin.String, com.cincinnatiai.ssr_library.model.ComposableTree> origin=null
                            $this: GET_FIELD 'FIELD FIELD_FOR_CAPTURED_VALUE name:this$0 type:com.cincinnatiai.ssr_library.ServerSideRendererImpl visibility:public/*package*/ [final] declared in com.cincinnatiai.ssr_library.ServerSideRendererImpl.RenderScreen.<no name provided>' type=com.cincinnatiai.ssr_library.ServerSideRendererImpl origin=null
                              receiver: GET_VAR '<this>: com.cincinnatiai.ssr_library.ServerSideRendererImpl.RenderScreen.<no name provided> declared in com.cincinnatiai.ssr_library.ServerSideRendererImpl.RenderScreen.<no name provided>.invokeSuspend' type=com.cincinnatiai.ssr_library.ServerSideRendererImpl.RenderScreen.<no name provided> origin=null
                          key: GET_FIELD 'FIELD FIELD_FOR_CAPTURED_VALUE name:$cacheKey type:kotlin.String visibility:public/*package*/ [final] declared in com.cincinnatiai.ssr_library.ServerSideRendererImpl.RenderScreen.<no name provided>' type=kotlin.String origin=null
                            receiver: GET_VAR '<this>: com.cincinnatiai.ssr_library.ServerSideRendererImpl.RenderScreen.<no name provided> declared in com.cincinnatiai.ssr_library.ServerSideRendererImpl.RenderScreen.<no name provided>.invokeSuspend' type=com.cincinnatiai.ssr_library.ServerSideRendererImpl.RenderScreen.<no name provided> origin=null
                          value: GET_VAR 'val composableTree: com.cincinnatiai.ssr_library.model.ComposableTree [val] declared in com.cincinnatiai.ssr_library.ServerSideRendererImpl.RenderScreen.<no name provided>.invokeSuspend' type=com.cincinnatiai.ssr_library.model.ComposableTree origin=null
                        CALL 'public final fun access$RenderScreen$lambda$2 ($renderState$delegate: androidx.compose.runtime.MutableState<com.cincinnatiai.ssr_library.model.ComponentRenderState>, <set-?>: com.cincinnatiai.ssr_library.model.ComponentRenderState): kotlin.Unit declared in com.cincinnatiai.ssr_library.ServerSideRendererImpl' type=kotlin.Unit origin=EQ
                          $renderState$delegate: GET_FIELD 'FIELD FIELD_FOR_CAPTURED_VALUE name:$renderState$delegate type:androidx.compose.runtime.MutableState<com.cincinnatiai.ssr_library.model.ComponentRenderState> visibility:public/*package*/ [final] declared in com.cincinnatiai.ssr_library.ServerSideRendererImpl.RenderScreen.<no name provided>' type=androidx.compose.runtime.MutableState<com.cincinnatiai.ssr_library.model.ComponentRenderState> origin=null
                            receiver: GET_VAR '<this>: com.cincinnatiai.ssr_library.ServerSideRendererImpl.RenderScreen.<no name provided> declared in com.cincinnatiai.ssr_library.ServerSideRendererImpl.RenderScreen.<no name provided>.invokeSuspend' type=com.cincinnatiai.ssr_library.ServerSideRendererImpl.RenderScreen.<no name provided> origin=null
                          <set-?>: CONSTRUCTOR_CALL 'public constructor <init> (composableTree: com.cincinnatiai.ssr_library.model.ComposableTree) [primary] declared in com.cincinnatiai.ssr_library.model.ComponentRenderState.Success' type=com.cincinnatiai.ssr_library.model.ComponentRenderState.Success origin=null
                            composableTree: GET_VAR 'val composableTree: com.cincinnatiai.ssr_library.model.ComposableTree [val] declared in com.cincinnatiai.ssr_library.ServerSideRendererImpl.RenderScreen.<no name provided>.invokeSuspend' type=com.cincinnatiai.ssr_library.model.ComposableTree origin=null
                CATCH parameter=val e: kotlin.Throwable [val] declared in com.cincinnatiai.ssr_library.ServerSideRendererImpl.RenderScreen.<no name provided>.invokeSuspend
                  VAR CATCH_PARAMETER name:e type:kotlin.Throwable [val]
                  BLOCK type=kotlin.Unit origin=null
                    CALL 'public final fun access$RenderScreen$lambda$2 ($renderState$delegate: androidx.compose.runtime.MutableState<com.cincinnatiai.ssr_library.model.ComponentRenderState>, <set-?>: com.cincinnatiai.ssr_library.model.ComponentRenderState): kotlin.Unit declared in com.cincinnatiai.ssr_library.ServerSideRendererImpl' type=kotlin.Unit origin=EQ
                      $renderState$delegate: GET_FIELD 'FIELD FIELD_FOR_CAPTURED_VALUE name:$renderState$delegate type:androidx.compose.runtime.MutableState<com.cincinnatiai.ssr_library.model.ComponentRenderState> visibility:public/*package*/ [final] declared in com.cincinnatiai.ssr_library.ServerSideRendererImpl.RenderScreen.<no name provided>' type=androidx.compose.runtime.MutableState<com.cincinnatiai.ssr_library.model.ComponentRenderState> origin=null
                        receiver: GET_VAR '<this>: com.cincinnatiai.ssr_library.ServerSideRendererImpl.RenderScreen.<no name provided> declared in com.cincinnatiai.ssr_library.ServerSideRendererImpl.RenderScreen.<no name provided>.invokeSuspend' type=com.cincinnatiai.ssr_library.ServerSideRendererImpl.RenderScreen.<no name provided> origin=null
                      <set-?>: CONSTRUCTOR_CALL 'public constructor <init> (message: kotlin.String, throwable: kotlin.Throwable?) [primary] declared in com.cincinnatiai.ssr_library.model.ComponentRenderState.Error' type=com.cincinnatiai.ssr_library.model.ComponentRenderState.Error origin=null
                        message: STRING_CONCATENATION type=kotlin.String
                          CONST String type=kotlin.String value="Failed to Render ComponentRenderState: "
                          CALL 'public open fun <get-message> (): kotlin.String? declared in kotlin.Throwable' type=kotlin.String? origin=GET_PROPERTY
                            $this: GET_VAR 'val e: kotlin.Throwable [val] declared in com.cincinnatiai.ssr_library.ServerSideRendererImpl.RenderScreen.<no name provided>.invokeSuspend' type=kotlin.Throwable origin=null
                        throwable: GET_VAR 'val e: kotlin.Throwable [val] declared in com.cincinnatiai.ssr_library.ServerSideRendererImpl.RenderScreen.<no name provided>.invokeSuspend' type=kotlin.Throwable origin=null
          FUN name:create visibility:public modality:FINAL <> ($this:com.cincinnatiai.ssr_library.ServerSideRendererImpl.RenderScreen.<no name provided>, value:kotlin.Any?, $completion:kotlin.coroutines.Continuation<kotlin.Nothing>) returnType:kotlin.coroutines.Continuation<kotlin.Unit>
            overridden:
              public open fun create (value: kotlin.Any?, $completion: kotlin.coroutines.Continuation<kotlin.Nothing>): kotlin.coroutines.Continuation<kotlin.Unit> declared in kotlin.coroutines.jvm.internal.SuspendLambda
            $this: VALUE_PARAMETER INSTANCE_RECEIVER name:<this> type:com.cincinnatiai.ssr_library.ServerSideRendererImpl.RenderScreen.<no name provided>
            VALUE_PARAMETER name:value index:0 type:kotlin.Any?
            VALUE_PARAMETER name:$completion index:1 type:kotlin.coroutines.Continuation<kotlin.Nothing>
            BLOCK_BODY
              RETURN type=kotlin.Nothing from='public final fun create (value: kotlin.Any?, $completion: kotlin.coroutines.Continuation<kotlin.Nothing>): kotlin.coroutines.Continuation<kotlin.Unit> declared in com.cincinnatiai.ssr_library.ServerSideRendererImpl.RenderScreen.<no name provided>'
                CONSTRUCTOR_CALL 'public/*package*/ constructor <init> (this$0: com.cincinnatiai.ssr_library.ServerSideRendererImpl, $cacheKey: kotlin.String, $renderState$delegate: androidx.compose.runtime.MutableState<com.cincinnatiai.ssr_library.model.ComponentRenderState>, $json: kotlin.String, $completion: kotlin.coroutines.Continuation<com.cincinnatiai.ssr_library.ServerSideRendererImpl.RenderScreen.<no name provided>>?) [primary] declared in com.cincinnatiai.ssr_library.ServerSideRendererImpl.RenderScreen.<no name provided>' type=com.cincinnatiai.ssr_library.ServerSideRendererImpl.RenderScreen.<no name provided> origin=null
                  this$0: GET_FIELD 'FIELD FIELD_FOR_CAPTURED_VALUE name:this$0 type:com.cincinnatiai.ssr_library.ServerSideRendererImpl visibility:public/*package*/ [final] declared in com.cincinnatiai.ssr_library.ServerSideRendererImpl.RenderScreen.<no name provided>' type=com.cincinnatiai.ssr_library.ServerSideRendererImpl origin=null
                    receiver: GET_VAR '<this>: com.cincinnatiai.ssr_library.ServerSideRendererImpl.RenderScreen.<no name provided> declared in com.cincinnatiai.ssr_library.ServerSideRendererImpl.RenderScreen.<no name provided>.create' type=com.cincinnatiai.ssr_library.ServerSideRendererImpl.RenderScreen.<no name provided> origin=null
                  $cacheKey: GET_FIELD 'FIELD FIELD_FOR_CAPTURED_VALUE name:$cacheKey type:kotlin.String visibility:public/*package*/ [final] declared in com.cincinnatiai.ssr_library.ServerSideRendererImpl.RenderScreen.<no name provided>' type=kotlin.String origin=null
                    receiver: GET_VAR '<this>: com.cincinnatiai.ssr_library.ServerSideRendererImpl.RenderScreen.<no name provided> declared in com.cincinnatiai.ssr_library.ServerSideRendererImpl.RenderScreen.<no name provided>.create' type=com.cincinnatiai.ssr_library.ServerSideRendererImpl.RenderScreen.<no name provided> origin=null
                  $renderState$delegate: GET_FIELD 'FIELD FIELD_FOR_CAPTURED_VALUE name:$renderState$delegate type:androidx.compose.runtime.MutableState<com.cincinnatiai.ssr_library.model.ComponentRenderState> visibility:public/*package*/ [final] declared in com.cincinnatiai.ssr_library.ServerSideRendererImpl.RenderScreen.<no name provided>' type=androidx.compose.runtime.MutableState<com.cincinnatiai.ssr_library.model.ComponentRenderState> origin=null
                    receiver: GET_VAR '<this>: com.cincinnatiai.ssr_library.ServerSideRendererImpl.RenderScreen.<no name provided> declared in com.cincinnatiai.ssr_library.ServerSideRendererImpl.RenderScreen.<no name provided>.create' type=com.cincinnatiai.ssr_library.ServerSideRendererImpl.RenderScreen.<no name provided> origin=null
                  $json: GET_FIELD 'FIELD FIELD_FOR_CAPTURED_VALUE name:$json type:kotlin.String visibility:public/*package*/ [final] declared in com.cincinnatiai.ssr_library.ServerSideRendererImpl.RenderScreen.<no name provided>' type=kotlin.String origin=null
                    receiver: GET_VAR '<this>: com.cincinnatiai.ssr_library.ServerSideRendererImpl.RenderScreen.<no name provided> declared in com.cincinnatiai.ssr_library.ServerSideRendererImpl.RenderScreen.<no name provided>.create' type=com.cincinnatiai.ssr_library.ServerSideRendererImpl.RenderScreen.<no name provided> origin=null
                  $completion: GET_VAR '$completion: kotlin.coroutines.Continuation<kotlin.Nothing> declared in com.cincinnatiai.ssr_library.ServerSideRendererImpl.RenderScreen.<no name provided>.create' type=kotlin.coroutines.Continuation<kotlin.Nothing> origin=null
          FUN name:invoke visibility:public modality:FINAL <> ($this:com.cincinnatiai.ssr_library.ServerSideRendererImpl.RenderScreen.<no name provided>, p1:kotlinx.coroutines.CoroutineScope, p2:kotlin.coroutines.Continuation<kotlin.Unit>?) returnType:kotlin.Any?
            overridden:
              public abstract fun invoke (p1: P1 of kotlin.jvm.functions.Function2, p2: P2 of kotlin.jvm.functions.Function2): R of kotlin.jvm.functions.Function2 declared in kotlin.jvm.functions.Function2
            $this: VALUE_PARAMETER INSTANCE_RECEIVER name:<this> type:com.cincinnatiai.ssr_library.ServerSideRendererImpl.RenderScreen.<no name provided>
            VALUE_PARAMETER name:p1 index:0 type:kotlinx.coroutines.CoroutineScope
            VALUE_PARAMETER name:p2 index:1 type:kotlin.coroutines.Continuation<kotlin.Unit>?
            BLOCK_BODY
              RETURN type=kotlin.Nothing from='public final fun invoke (p1: kotlinx.coroutines.CoroutineScope, p2: kotlin.coroutines.Continuation<kotlin.Unit>?): kotlin.Any? declared in com.cincinnatiai.ssr_library.ServerSideRendererImpl.RenderScreen.<no name provided>'
                CALL 'public final fun invokeSuspend ($result: kotlin.Result<kotlin.Any?>): kotlin.Any? declared in com.cincinnatiai.ssr_library.ServerSideRendererImpl.RenderScreen.<no name provided>' type=kotlin.Any? origin=null
                  $this: TYPE_OP type=com.cincinnatiai.ssr_library.ServerSideRendererImpl.RenderScreen.<no name provided> origin=IMPLICIT_CAST typeOperand=com.cincinnatiai.ssr_library.ServerSideRendererImpl.RenderScreen.<no name provided>
                    CALL 'public final fun create (value: kotlin.Any?, $completion: kotlin.coroutines.Continuation<kotlin.Nothing>): kotlin.coroutines.Continuation<kotlin.Unit> declared in com.cincinnatiai.ssr_library.ServerSideRendererImpl.RenderScreen.<no name provided>' type=kotlin.coroutines.Continuation<kotlin.Unit> origin=null
                      $this: GET_VAR '<this>: com.cincinnatiai.ssr_library.ServerSideRendererImpl.RenderScreen.<no name provided> declared in com.cincinnatiai.ssr_library.ServerSideRendererImpl.RenderScreen.<no name provided>.invoke' type=com.cincinnatiai.ssr_library.ServerSideRendererImpl.RenderScreen.<no name provided> origin=null
                      value: GET_VAR 'p1: kotlinx.coroutines.CoroutineScope declared in com.cincinnatiai.ssr_library.ServerSideRendererImpl.RenderScreen.<no name provided>.invoke' type=kotlinx.coroutines.CoroutineScope origin=null
                      $completion: GET_VAR 'p2: kotlin.coroutines.Continuation<kotlin.Unit>? declared in com.cincinnatiai.ssr_library.ServerSideRendererImpl.RenderScreen.<no name provided>.invoke' type=kotlin.coroutines.Continuation<kotlin.Unit>? origin=null
                  $result: CALL 'public final fun <unsafe-coerce> <T, R> (v: T of kotlin.jvm.internal.<unsafe-coerce>): R of kotlin.jvm.internal.<unsafe-coerce> declared in kotlin.jvm.internal' type=kotlin.Result<kotlin.Any?> origin=null
                    <T>: kotlin.Any?
                    <R>: kotlin.Result<kotlin.Any?>
                    v: GET_FIELD 'FIELD FIELD_FOR_OBJECT_INSTANCE name:INSTANCE type:kotlin.Unit visibility:public [final,static] declared in kotlin.Unit' type=kotlin.Unit origin=null
          FIELD FIELD_FOR_CAPTURED_VALUE name:this$0 type:com.cincinnatiai.ssr_library.ServerSideRendererImpl visibility:public/*package*/ [final]
          FIELD FIELD_FOR_CAPTURED_VALUE name:$cacheKey type:kotlin.String visibility:public/*package*/ [final]
          FIELD FIELD_FOR_CAPTURED_VALUE name:$renderState$delegate type:androidx.compose.runtime.MutableState<com.cincinnatiai.ssr_library.model.ComponentRenderState> visibility:public/*package*/ [final]
          FIELD FIELD_FOR_CAPTURED_VALUE name:$json type:kotlin.String visibility:public/*package*/ [final]
          FUN BRIDGE name:invoke visibility:public modality:OPEN <> ($this:com.cincinnatiai.ssr_library.ServerSideRendererImpl.RenderScreen.<no name provided>, p1:kotlin.Any?, p2:kotlin.Any?) returnType:kotlin.Any?
            $this: VALUE_PARAMETER INSTANCE_RECEIVER name:<this> type:com.cincinnatiai.ssr_library.ServerSideRendererImpl.RenderScreen.<no name provided>
            VALUE_PARAMETER BRIDGE name:p1 index:0 type:kotlin.Any?
            VALUE_PARAMETER BRIDGE name:p2 index:1 type:kotlin.Any?
            EXPRESSION_BODY
              RETURN type=kotlin.Nothing from='public open fun invoke (p1: kotlin.Any?, p2: kotlin.Any?): kotlin.Any? declared in com.cincinnatiai.ssr_library.ServerSideRendererImpl.RenderScreen.<no name provided>'
                CALL 'public final fun invoke (p1: kotlinx.coroutines.CoroutineScope, p2: kotlin.coroutines.Continuation<kotlin.Unit>?): kotlin.Any? declared in com.cincinnatiai.ssr_library.ServerSideRendererImpl.RenderScreen.<no name provided>' type=kotlin.Any? origin=BRIDGE_DELEGATION
                  $this: GET_VAR '<this>: com.cincinnatiai.ssr_library.ServerSideRendererImpl.RenderScreen.<no name provided> declared in com.cincinnatiai.ssr_library.ServerSideRendererImpl.RenderScreen.<no name provided>.invoke' type=com.cincinnatiai.ssr_library.ServerSideRendererImpl.RenderScreen.<no name provided> origin=null
                  p1: TYPE_OP type=kotlinx.coroutines.CoroutineScope origin=IMPLICIT_CAST typeOperand=kotlinx.coroutines.CoroutineScope
                    GET_VAR 'p1: kotlin.Any? declared in com.cincinnatiai.ssr_library.ServerSideRendererImpl.RenderScreen.<no name provided>.invoke' type=kotlin.Any? origin=null
                  p2: TYPE_OP type=kotlin.coroutines.Continuation<*> origin=IMPLICIT_CAST typeOperand=kotlin.coroutines.Continuation<*>
                    GET_VAR 'p2: kotlin.Any? declared in com.cincinnatiai.ssr_library.ServerSideRendererImpl.RenderScreen.<no name provided>.invoke' type=kotlin.Any? origin=null
        CONSTRUCTOR_CALL 'public/*package*/ constructor <init> (this$0: com.cincinnatiai.ssr_library.ServerSideRendererImpl, $cacheKey: kotlin.String, $renderState$delegate: androidx.compose.runtime.MutableState<com.cincinnatiai.ssr_library.model.ComponentRenderState>, $json: kotlin.String, $completion: kotlin.coroutines.Continuation<com.cincinnatiai.ssr_library.ServerSideRendererImpl.RenderScreen.<no name provided>>?) [primary] declared in com.cincinnatiai.ssr_library.ServerSideRendererImpl.RenderScreen.<no name provided>' type=com.cincinnatiai.ssr_library.ServerSideRendererImpl.RenderScreen.<no name provided> origin=null
          this$0: GET_VAR '<this>: com.cincinnatiai.ssr_library.ServerSideRendererImpl declared in com.cincinnatiai.ssr_library.ServerSideRendererImpl.RenderScreen' type=com.cincinnatiai.ssr_library.ServerSideRendererImpl origin=null
          $cacheKey: GET_VAR 'val cacheKey: kotlin.String [val] declared in com.cincinnatiai.ssr_library.ServerSideRendererImpl.RenderScreen' type=kotlin.String origin=null
          $renderState$delegate: GET_VAR 'val renderState$delegate: androidx.compose.runtime.MutableState<com.cincinnatiai.ssr_library.model.ComponentRenderState> [val] declared in com.cincinnatiai.ssr_library.ServerSideRendererImpl.RenderScreen' type=androidx.compose.runtime.MutableState<com.cincinnatiai.ssr_library.model.ComponentRenderState> origin=null
          $json: GET_VAR 'json: kotlin.String declared in com.cincinnatiai.ssr_library.ServerSideRendererImpl.RenderScreen' type=kotlin.String origin=null
          $completion: CONST Null type=kotlin.Nothing? value=null
    COMPOSITE type=kotlin.Unit origin=null
      BLOCK type=kotlin.Any origin=WHEN
        VAR name:state type:com.cincinnatiai.ssr_library.model.ComponentRenderState [val]
          CALL 'private final fun RenderScreen$lambda$1 ($renderState$delegate: androidx.compose.runtime.MutableState<com.cincinnatiai.ssr_library.model.ComponentRenderState>): com.cincinnatiai.ssr_library.model.ComponentRenderState declared in com.cincinnatiai.ssr_library.ServerSideRendererImpl' type=com.cincinnatiai.ssr_library.model.ComponentRenderState origin=GET_LOCAL_PROPERTY
            $renderState$delegate: GET_VAR 'val renderState$delegate: androidx.compose.runtime.MutableState<com.cincinnatiai.ssr_library.model.ComponentRenderState> [val] declared in com.cincinnatiai.ssr_library.ServerSideRendererImpl.RenderScreen' type=androidx.compose.runtime.MutableState<com.cincinnatiai.ssr_library.model.ComponentRenderState> origin=null
        WHEN type=kotlin.Any origin=WHEN
          BRANCH
            if: TYPE_OP type=kotlin.Boolean origin=INSTANCEOF typeOperand=com.cincinnatiai.ssr_library.model.ComponentRenderState.Error
              GET_VAR 'val state: com.cincinnatiai.ssr_library.model.ComponentRenderState [val] declared in com.cincinnatiai.ssr_library.ServerSideRendererImpl.RenderScreen' type=com.cincinnatiai.ssr_library.model.ComponentRenderState origin=null
            then: CALL 'public abstract fun invoke (p1: P1 of kotlin.Function2, p2: P2 of kotlin.Function2): R of kotlin.Function2 [operator] declared in kotlin.Function2' type=kotlin.Unit origin=INVOKE
              $this: GET_VAR 'errorContent: @[Composable] kotlin.Function2<kotlin.String, kotlin.Function0<kotlin.Unit>, kotlin.Unit> declared in com.cincinnatiai.ssr_library.ServerSideRendererImpl.RenderScreen' type=@[Composable] kotlin.Function2<kotlin.String, kotlin.Function0<kotlin.Unit>, kotlin.Unit> origin=VARIABLE_AS_FUNCTION
              p1: CALL 'public final fun <get-message> (): kotlin.String declared in com.cincinnatiai.ssr_library.model.ComponentRenderState.Error' type=kotlin.String origin=GET_PROPERTY
                $this: TYPE_OP type=com.cincinnatiai.ssr_library.model.ComponentRenderState.Error origin=IMPLICIT_CAST typeOperand=com.cincinnatiai.ssr_library.model.ComponentRenderState.Error
                  GET_VAR 'val state: com.cincinnatiai.ssr_library.model.ComponentRenderState [val] declared in com.cincinnatiai.ssr_library.ServerSideRendererImpl.RenderScreen' type=com.cincinnatiai.ssr_library.model.ComponentRenderState origin=null
              p2: BLOCK type=kotlin.Function0<kotlin.Unit> origin=LAMBDA
                COMPOSITE type=kotlin.Unit origin=null
                CALL 'public final fun <jvm-indy> <T> (dynamicCall: T of kotlin.jvm.internal.<jvm-indy>, bootstrapMethodHandle: kotlin.Any, vararg bootstrapMethodArguments: kotlin.Any): T of kotlin.jvm.internal.<jvm-indy> declared in kotlin.jvm.internal' type=kotlin.Function0<kotlin.Unit> origin=null
                  <T>: kotlin.Function0<kotlin.Unit>
                  dynamicCall: CALL 'public final fun invoke (): kotlin.Function0<kotlin.Unit> declared in kotlin.jvm.internal.invokeDynamic' type=kotlin.Function0<kotlin.Unit> origin=null
                  bootstrapMethodHandle: CALL 'public final fun <jvm-method-handle> (tag: kotlin.Int, owner: kotlin.String, name: kotlin.String, descriptor: kotlin.String, isInterface: kotlin.Boolean): kotlin.Any declared in kotlin.jvm.internal' type=kotlin.Any origin=null
                    tag: CONST Int type=kotlin.Int value=6
                    owner: CONST String type=kotlin.String value="java/lang/invoke/LambdaMetafactory"
                    name: CONST String type=kotlin.String value="metafactory"
                    descriptor: CONST String type=kotlin.String value="(Ljava/lang/invoke/MethodHandles$Lookup;Ljava/lang/String;Ljava/lang/invoke/MethodType;Ljava/lang/invoke/MethodType;Ljava/lang/invoke/MethodHandle;Ljava/lang/invoke/MethodType;)Ljava/lang/invoke/CallSite;"
                    isInterface: CONST Boolean type=kotlin.Boolean value=false
                  bootstrapMethodArguments: VARARG type=kotlin.Array<kotlin.Any> varargElementType=kotlin.Any
                    CALL 'public final fun <jvm-original-method-type> (method: kotlin.Any): kotlin.Any declared in kotlin.jvm.internal' type=kotlin.Any origin=null
                      method: RAW_FUNCTION_REFERENCE 'public abstract fun invoke (): R of kotlin.Function0 [operator] declared in kotlin.Function0' type=kotlin.Any
                    RAW_FUNCTION_REFERENCE 'private final fun RenderScreen$lambda$4 (): kotlin.Unit? declared in com.cincinnatiai.ssr_library.ServerSideRendererImpl' type=kotlin.Any
                    CALL 'public final fun <jvm-original-method-type> (method: kotlin.Any): kotlin.Any declared in kotlin.jvm.internal' type=kotlin.Any origin=null
                      method: RAW_FUNCTION_REFERENCE 'public abstract fun invoke (): kotlin.Unit? [fake_override,operator] declared in kotlin.jvm.internal.invokeDynamic.<fake>' type=kotlin.Any
          BRANCH
            if: CALL 'public final fun EQEQ (arg0: kotlin.Any?, arg1: kotlin.Any?): kotlin.Boolean declared in kotlin.internal.ir' type=kotlin.Boolean origin=EQEQ
              arg0: GET_VAR 'val state: com.cincinnatiai.ssr_library.model.ComponentRenderState [val] declared in com.cincinnatiai.ssr_library.ServerSideRendererImpl.RenderScreen' type=com.cincinnatiai.ssr_library.model.ComponentRenderState origin=null
              arg1: GET_FIELD 'FIELD FIELD_FOR_OBJECT_INSTANCE name:INSTANCE type:com.cincinnatiai.ssr_library.model.ComponentRenderState.Loading visibility:public [final,static] declared in com.cincinnatiai.ssr_library.model.ComponentRenderState.Loading' type=com.cincinnatiai.ssr_library.model.ComponentRenderState.Loading origin=null
            then: CALL 'public abstract fun invoke (): R of kotlin.Function0 [operator] declared in kotlin.Function0' type=kotlin.Unit origin=INVOKE
              $this: GET_VAR 'loadingContent: @[Composable] kotlin.Function0<kotlin.Unit> declared in com.cincinnatiai.ssr_library.ServerSideRendererImpl.RenderScreen' type=@[Composable] kotlin.Function0<kotlin.Unit> origin=VARIABLE_AS_FUNCTION
          BRANCH
            if: TYPE_OP type=kotlin.Boolean origin=INSTANCEOF typeOperand=com.cincinnatiai.ssr_library.model.ComponentRenderState.Success
              GET_VAR 'val state: com.cincinnatiai.ssr_library.model.ComponentRenderState [val] declared in com.cincinnatiai.ssr_library.ServerSideRendererImpl.RenderScreen' type=com.cincinnatiai.ssr_library.model.ComponentRenderState origin=null
            then: CALL 'public final fun <get-rootComponent> (): @[Composable] kotlin.Function0<kotlin.Unit> declared in com.cincinnatiai.ssr_library.model.ComposableTree' type=@[Composable] kotlin.Function0<kotlin.Unit> origin=GET_PROPERTY
              $this: CALL 'public final fun <get-composableTree> (): com.cincinnatiai.ssr_library.model.ComposableTree declared in com.cincinnatiai.ssr_library.model.ComponentRenderState.Success' type=com.cincinnatiai.ssr_library.model.ComposableTree origin=GET_PROPERTY
                $this: TYPE_OP type=com.cincinnatiai.ssr_library.model.ComponentRenderState.Success origin=IMPLICIT_CAST typeOperand=com.cincinnatiai.ssr_library.model.ComponentRenderState.Success
                  GET_VAR 'val state: com.cincinnatiai.ssr_library.model.ComponentRenderState [val] declared in com.cincinnatiai.ssr_library.ServerSideRendererImpl.RenderScreen' type=com.cincinnatiai.ssr_library.model.ComponentRenderState origin=null
          BRANCH
            if: CONST Boolean type=kotlin.Boolean value=true
            then: BLOCK type=kotlin.Nothing origin=null
              CALL 'public final fun noWhenBranchMatchedException (): kotlin.Nothing declared in kotlin.internal.ir' type=kotlin.Nothing origin=null
              CALL 'public final fun throwKotlinNothingValueException (): kotlin.Nothing declared in kotlin.jvm.internal.Intrinsics' type=kotlin.Nothing origin=null
      COMPOSITE type=kotlin.Unit origin=null

	at org.jetbrains.kotlin.backend.jvm.codegen.FunctionCodegen.generate(FunctionCodegen.kt:47)
	at org.jetbrains.kotlin.backend.jvm.codegen.FunctionCodegen.generate$default(FunctionCodegen.kt:40)
	at org.jetbrains.kotlin.backend.jvm.codegen.ClassCodegen.generateMethodNode(ClassCodegen.kt:406)
	at org.jetbrains.kotlin.backend.jvm.codegen.ClassCodegen.generateMethod(ClassCodegen.kt:423)
	at org.jetbrains.kotlin.backend.jvm.codegen.ClassCodegen.generate(ClassCodegen.kt:168)
	at org.jetbrains.kotlin.backend.jvm.FileCodegen.lower(JvmPhases.kt:39)
	at org.jetbrains.kotlin.backend.common.phaser.PhaseFactoriesKt.createFilePhase$lambda$4(PhaseFactories.kt:71)
	at org.jetbrains.kotlin.backend.common.phaser.PhaseBuildersKt$createSimpleNamedCompilerPhase$1.phaseBody(PhaseBuilders.kt:69)
	at org.jetbrains.kotlin.backend.common.phaser.SimpleNamedCompilerPhase.phaseBody(CompilerPhase.kt:226)
	at org.jetbrains.kotlin.backend.common.phaser.AbstractNamedCompilerPhase.invoke(CompilerPhase.kt:113)
	at org.jetbrains.kotlin.backend.common.phaser.PerformByIrFilePhase.invokeSequential(performByIrFile.kt:62)
	... 43 more
Caused by: org.jetbrains.kotlin.codegen.CompilationException: Back-end (JVM) Internal error: Couldn't inline method call: CALL 'public final fun remember <T> (calculation: @[DisallowComposableCalls] kotlin.Function0<T of androidx.compose.runtime.ComposablesKt.remember>): T of androidx.compose.runtime.ComposablesKt.remember [inline] declared in androidx.compose.runtime.ComposablesKt' type=androidx.compose.runtime.MutableState<com.cincinnatiai.ssr_library.model.ComponentRenderState> origin=null
Method: null
File is unknown
The root cause java.lang.IllegalStateException was thrown at: org.jetbrains.kotlin.codegen.inline.SourceCompilerForInlineKt.getMethodNode(SourceCompilerForInline.kt:118)
	at org.jetbrains.kotlin.codegen.inline.InlineCodegen.performInline(InlineCodegen.kt:65)
	at org.jetbrains.kotlin.backend.jvm.codegen.IrInlineCodegen.genInlineCall(IrInlineCodegen.kt:163)
	at org.jetbrains.kotlin.backend.jvm.codegen.IrInlineCallGenerator.genCall(IrInlineCallGenerator.kt:36)
	at org.jetbrains.kotlin.backend.jvm.codegen.ExpressionCodegen.visitCall(ExpressionCodegen.kt:653)
	at org.jetbrains.kotlin.backend.jvm.codegen.ExpressionCodegen.visitCall(ExpressionCodegen.kt:138)
	at org.jetbrains.kotlin.ir.expressions.IrCall.accept(IrCall.kt:24)
	at org.jetbrains.kotlin.backend.jvm.codegen.ExpressionCodegen.visitVariable(ExpressionCodegen.kt:790)
	at org.jetbrains.kotlin.backend.jvm.codegen.ExpressionCodegen.visitVariable(ExpressionCodegen.kt:138)
	at org.jetbrains.kotlin.ir.declarations.IrVariable.accept(IrVariable.kt:36)
	at org.jetbrains.kotlin.backend.jvm.codegen.ExpressionCodegen.visitStatementContainer(ExpressionCodegen.kt:579)
	at org.jetbrains.kotlin.backend.jvm.codegen.ExpressionCodegen.visitBlockBody(ExpressionCodegen.kt:584)
	at org.jetbrains.kotlin.backend.jvm.codegen.ExpressionCodegen.visitBlockBody(ExpressionCodegen.kt:138)
	at org.jetbrains.kotlin.ir.expressions.IrBlockBody.accept(IrBlockBody.kt:20)
	at org.jetbrains.kotlin.backend.jvm.codegen.ExpressionCodegen.generate(ExpressionCodegen.kt:240)
	at org.jetbrains.kotlin.backend.jvm.codegen.FunctionCodegen.doGenerate(FunctionCodegen.kt:123)
	at org.jetbrains.kotlin.backend.jvm.codegen.FunctionCodegen.generate(FunctionCodegen.kt:44)
	... 53 more
Caused by: java.lang.IllegalStateException: couldn't find inline method Landroidx/compose/runtime/ComposablesKt;.remember(Lkotlin/jvm/functions/Function0;)Ljava/lang/Object;
	at org.jetbrains.kotlin.codegen.inline.SourceCompilerForInlineKt.getMethodNode(SourceCompilerForInline.kt:118)
	at org.jetbrains.kotlin.codegen.inline.SourceCompilerForInlineKt.loadCompiledInlineFunction(SourceCompilerForInline.kt:96)
	at org.jetbrains.kotlin.backend.jvm.codegen.IrSourceCompilerForInline.compileInlineFunction(IrSourceCompilerForInline.kt:91)
	at org.jetbrains.kotlin.codegen.inline.InlineCodegen.compileInline(InlineCodegen.kt:43)
	at org.jetbrains.kotlin.codegen.inline.InlineCodegen.performInline(InlineCodegen.kt:51)
	... 68 more


